0 verbose cli C:\Program Files\nodejs\node.exe C:\Program Files\nodejs\node_modules\npm\bin\npm-cli.js
1 info using npm@11.6.2
2 info using node@v24.12.0
3 silly config load:file:C:\Program Files\nodejs\node_modules\npm\npmrc
4 silly config load:file:C:\Users\Admin\Desktop\Repo\SaaS\.npmrc
5 silly config load:file:C:\Users\Admin\.npmrc
6 silly config load:file:C:\Users\Admin\AppData\Roaming\npm\etc\npmrc
7 verbose title npm install
8 verbose argv "install" "--cache" ".npm" "--prefer-offline"
9 verbose logfile logs-max:10 dir:C:\Users\Admin\Desktop\Repo\SaaS\.npm\_logs\2026-06-04T15_03_09_350Z-
10 verbose logfile C:\Users\Admin\Desktop\Repo\SaaS\.npm\_logs\2026-06-04T15_03_09_350Z-debug-0.log
11 silly logfile done cleaning log files
12 silly packumentCache heap:2348810240 maxSize:587202560 maxEntrySize:293601280
13 silly idealTree buildDeps
14 silly fetch manifest @emnapi/runtime@^1.7.0
15 silly packumentCache full:https://registry.npmjs.org/@emnapi%2fruntime cache-miss
16 http fetch GET 200 https://registry.npmjs.org/npm 1840ms
17 http fetch GET 200 https://registry.npmjs.org/@emnapi%2fruntime 674ms (cache miss)
18 silly packumentCache full:https://registry.npmjs.org/@emnapi%2fruntime set size:undefined disposed:false
19 silly placeDep ROOT @emnapi/runtime@1.10.0 OK for: @img/sharp-wasm32@0.34.5 want: ^1.7.0
20 silly fetch manifest @emnapi/core@^1.7.1
21 silly packumentCache full:https://registry.npmjs.org/@emnapi%2fcore cache-miss
22 http fetch GET 200 https://registry.npmjs.org/@emnapi%2fcore 70ms (cache miss)
23 silly packumentCache full:https://registry.npmjs.org/@emnapi%2fcore set size:undefined disposed:false
24 silly placeDep ROOT @emnapi/core@1.10.0 OK for: @napi-rs/wasm-runtime@1.1.4 want: ^1.7.1
25 silly reify moves {}
26 silly audit bulk request {
26 silly audit   '@adobe/css-tools': [ '4.5.0' ],
26 silly audit   '@alloc/quick-lru': [ '5.2.0' ],
26 silly audit   '@asamuzakjp/css-color': [ '5.1.11' ],
26 silly audit   '@asamuzakjp/dom-selector': [ '7.1.1' ],
26 silly audit   '@asamuzakjp/generational-cache': [ '1.0.1' ],
26 silly audit   '@asamuzakjp/nwsapi': [ '2.3.9' ],
26 silly audit   '@babel/code-frame': [ '7.29.7' ],
26 silly audit   '@babel/compat-data': [ '7.29.7' ],
26 silly audit   '@babel/core': [ '7.29.7' ],
26 silly audit   '@babel/generator': [ '7.29.7' ],
26 silly audit   '@babel/helper-compilation-targets': [ '7.29.7' ],
26 silly audit   '@babel/helper-globals': [ '7.29.7' ],
26 silly audit   '@babel/helper-module-imports': [ '7.29.7' ],
26 silly audit   '@babel/helper-module-transforms': [ '7.29.7' ],
26 silly audit   '@babel/helper-string-parser': [ '7.29.7' ],
26 silly audit   '@babel/helper-validator-identifier': [ '7.29.7' ],
26 silly audit   '@babel/helper-validator-option': [ '7.29.7' ],
26 silly audit   '@babel/helpers': [ '7.29.7' ],
26 silly audit   '@babel/parser': [ '7.29.7' ],
26 silly audit   '@babel/runtime': [ '7.29.7' ],
26 silly audit   '@babel/template': [ '7.29.7' ],
26 silly audit   '@babel/traverse': [ '7.29.7' ],
26 silly audit   '@babel/types': [ '7.29.7' ],
26 silly audit   '@bcoe/v8-coverage': [ '1.0.2' ],
26 silly audit   '@bramus/specificity': [ '2.4.2' ],
26 silly audit   '@csstools/color-helpers': [ '6.0.2' ],
26 silly audit   '@csstools/css-calc': [ '3.2.1' ],
26 silly audit   '@csstools/css-color-parser': [ '4.1.1' ],
26 silly audit   '@csstools/css-parser-algorithms': [ '4.0.0' ],
26 silly audit   '@csstools/css-syntax-patches-for-csstree': [ '1.1.4' ],
26 silly audit   '@csstools/css-tokenizer': [ '4.0.0' ],
26 silly audit   '@dependents/detective-less': [ '5.0.3' ],
26 silly audit   '@discoveryjs/json-ext': [ '1.1.0', '0.5.7' ],
26 silly audit   '@emnapi/wasi-threads': [ '1.2.1' ],
26 silly audit   '@esbuild/aix-ppc64': [ '0.28.0' ],
26 silly audit   '@esbuild/android-arm': [ '0.28.0' ],
26 silly audit   '@esbuild/android-arm64': [ '0.28.0' ],
26 silly audit   '@esbuild/android-x64': [ '0.28.0' ],
26 silly audit   '@esbuild/darwin-arm64': [ '0.28.0' ],
26 silly audit   '@esbuild/darwin-x64': [ '0.28.0' ],
26 silly audit   '@esbuild/freebsd-arm64': [ '0.28.0' ],
26 silly audit   '@esbuild/freebsd-x64': [ '0.28.0' ],
26 silly audit   '@esbuild/linux-arm': [ '0.28.0' ],
26 silly audit   '@esbuild/linux-arm64': [ '0.28.0' ],
26 silly audit   '@esbuild/linux-ia32': [ '0.28.0' ],
26 silly audit   '@esbuild/linux-loong64': [ '0.28.0' ],
26 silly audit   '@esbuild/linux-mips64el': [ '0.28.0' ],
26 silly audit   '@esbuild/linux-ppc64': [ '0.28.0' ],
26 silly audit   '@esbuild/linux-riscv64': [ '0.28.0' ],
26 silly audit   '@esbuild/linux-s390x': [ '0.28.0' ],
26 silly audit   '@esbuild/linux-x64': [ '0.28.0' ],
26 silly audit   '@esbuild/netbsd-arm64': [ '0.28.0' ],
26 silly audit   '@esbuild/netbsd-x64': [ '0.28.0' ],
26 silly audit   '@esbuild/openbsd-arm64': [ '0.28.0' ],
26 silly audit   '@esbuild/openbsd-x64': [ '0.28.0' ],
26 silly audit   '@esbuild/openharmony-arm64': [ '0.28.0' ],
26 silly audit   '@esbuild/sunos-x64': [ '0.28.0' ],
26 silly audit   '@esbuild/win32-arm64': [ '0.28.0' ],
26 silly audit   '@esbuild/win32-ia32': [ '0.28.0' ],
26 silly audit   '@esbuild/win32-x64': [ '0.28.0' ],
26 silly audit   '@eslint-community/eslint-utils': [ '4.9.1' ],
26 silly audit   'eslint-visitor-keys': [ '3.4.3', '5.0.1', '4.2.1' ],
26 silly audit   '@eslint-community/regexpp': [ '4.12.2' ],
26 silly audit   '@eslint/config-array': [ '0.21.2' ],
26 silly audit   '@eslint/config-helpers': [ '0.4.2' ],
26 silly audit   '@eslint/core': [ '0.17.0' ],
26 silly audit   '@eslint/eslintrc': [ '3.3.5' ],
26 silly audit   '@eslint/js': [ '9.39.4' ],
26 silly audit   '@eslint/object-schema': [ '2.1.7' ],
26 silly audit   '@eslint/plugin-kit': [ '0.4.1' ],
26 silly audit   '@exodus/bytes': [ '1.15.1' ],
26 silly audit   '@humanfs/core': [ '0.19.2' ],
26 silly audit   '@humanfs/node': [ '0.16.8' ],
26 silly audit   '@humanfs/types': [ '0.15.0' ],
26 silly audit   '@humanwhocodes/module-importer': [ '1.0.1' ],
26 silly audit   '@humanwhocodes/retry': [ '0.4.3' ],
26 silly audit   '@img/colour': [ '1.1.0' ],
26 silly audit   '@img/sharp-darwin-arm64': [ '0.34.5' ],
26 silly audit   '@img/sharp-darwin-x64': [ '0.34.5' ],
26 silly audit   '@img/sharp-libvips-darwin-arm64': [ '1.2.4' ],
26 silly audit   '@img/sharp-libvips-darwin-x64': [ '1.2.4' ],
26 silly audit   '@img/sharp-libvips-linux-arm': [ '1.2.4' ],
26 silly audit   '@img/sharp-libvips-linux-arm64': [ '1.2.4' ],
26 silly audit   '@img/sharp-libvips-linux-ppc64': [ '1.2.4' ],
26 silly audit   '@img/sharp-libvips-linux-riscv64': [ '1.2.4' ],
26 silly audit   '@img/sharp-libvips-linux-s390x': [ '1.2.4' ],
26 silly audit   '@img/sharp-libvips-linux-x64': [ '1.2.4' ],
26 silly audit   '@img/sharp-libvips-linuxmusl-arm64': [ '1.2.4' ],
26 silly audit   '@img/sharp-libvips-linuxmusl-x64': [ '1.2.4' ],
26 silly audit   '@img/sharp-linux-arm': [ '0.34.5' ],
26 silly audit   '@img/sharp-linux-arm64': [ '0.34.5' ],
26 silly audit   '@img/sharp-linux-ppc64': [ '0.34.5' ],
26 silly audit   '@img/sharp-linux-riscv64': [ '0.34.5' ],
26 silly audit   '@img/sharp-linux-s390x': [ '0.34.5' ],
26 silly audit   '@img/sharp-linux-x64': [ '0.34.5' ],
26 silly audit   '@img/sharp-linuxmusl-arm64': [ '0.34.5' ],
26 silly audit   '@img/sharp-linuxmusl-x64': [ '0.34.5' ],
26 silly audit   '@img/sharp-wasm32': [ '0.34.5' ],
26 silly audit   '@img/sharp-win32-arm64': [ '0.34.5' ],
26 silly audit   '@img/sharp-win32-ia32': [ '0.34.5' ],
26 silly audit   '@img/sharp-win32-x64': [ '0.34.5' ],
26 silly audit   '@jridgewell/gen-mapping': [ '0.3.13' ],
26 silly audit   '@jridgewell/remapping': [ '2.3.5' ],
26 silly audit   '@jridgewell/resolve-uri': [ '3.1.2' ],
26 silly audit   '@jridgewell/sourcemap-codec': [ '1.5.5' ],
26 silly audit   '@jridgewell/trace-mapping': [ '0.3.31' ],
26 silly audit   '@napi-rs/wasm-runtime': [ '1.1.4' ],
26 silly audit   '@next/bundle-analyzer': [ '16.2.6' ],
26 silly audit   '@next/env': [ '16.2.6' ],
26 silly audit   '@next/eslint-plugin-next': [ '16.1.6' ],
26 silly audit   '@next/swc-darwin-arm64': [ '16.2.6' ],
26 silly audit   '@next/swc-darwin-x64': [ '16.2.6' ],
26 silly audit   '@next/swc-linux-arm64-gnu': [ '16.2.6' ],
26 silly audit   '@next/swc-linux-arm64-musl': [ '16.2.6' ],
26 silly audit   '@next/swc-linux-x64-gnu': [ '16.2.6' ],
26 silly audit   '@next/swc-linux-x64-musl': [ '16.2.6' ],
26 silly audit   '@next/swc-win32-arm64-msvc': [ '16.2.6' ],
26 silly audit   '@nodelib/fs.scandir': [ '2.1.5' ],
26 silly audit   '@nodelib/fs.stat': [ '2.0.5' ],
26 silly audit   '@nodelib/fs.walk': [ '1.2.8' ],
26 silly audit   '@nolyfill/is-core-module': [ '1.0.39' ],
26 silly audit   '@oxc-parser/binding-android-arm-eabi': [ '0.130.0' ],
26 silly audit   '@oxc-parser/binding-android-arm64': [ '0.130.0' ],
26 silly audit   '@oxc-parser/binding-darwin-arm64': [ '0.130.0' ],
26 silly audit   '@oxc-parser/binding-darwin-x64': [ '0.130.0' ],
26 silly audit   '@oxc-parser/binding-freebsd-x64': [ '0.130.0' ],
26 silly audit   '@oxc-parser/binding-linux-arm-gnueabihf': [ '0.130.0' ],
26 silly audit   '@oxc-parser/binding-linux-arm-musleabihf': [ '0.130.0' ],
26 silly audit   '@oxc-parser/binding-linux-arm64-gnu': [ '0.130.0' ],
26 silly audit   '@oxc-parser/binding-linux-arm64-musl': [ '0.130.0' ],
26 silly audit   '@oxc-parser/binding-linux-ppc64-gnu': [ '0.130.0' ],
26 silly audit   '@oxc-parser/binding-linux-riscv64-gnu': [ '0.130.0' ],
26 silly audit   '@oxc-parser/binding-linux-riscv64-musl': [ '0.130.0' ],
26 silly audit   '@oxc-parser/binding-linux-s390x-gnu': [ '0.130.0' ],
26 silly audit   '@oxc-parser/binding-linux-x64-gnu': [ '0.130.0' ],
26 silly audit   '@oxc-parser/binding-linux-x64-musl': [ '0.130.0' ],
26 silly audit   '@oxc-parser/binding-openharmony-arm64': [ '0.130.0' ],
26 silly audit   '@oxc-parser/binding-wasm32-wasi': [ '0.130.0' ],
26 silly audit   '@oxc-parser/binding-win32-arm64-msvc': [ '0.130.0' ],
26 silly audit   '@oxc-parser/binding-win32-ia32-msvc': [ '0.130.0' ],
26 silly audit   '@oxc-parser/binding-win32-x64-msvc': [ '0.130.0' ],
26 silly audit   '@oxc-project/types': [ '0.130.0', '0.132.0' ],
26 silly audit   '@oxc-resolver/binding-android-arm-eabi': [ '11.20.0' ],
26 silly audit   '@oxc-resolver/binding-android-arm64': [ '11.20.0' ],
26 silly audit   '@oxc-resolver/binding-darwin-arm64': [ '11.20.0' ],
26 silly audit   '@oxc-resolver/binding-darwin-x64': [ '11.20.0' ],
26 silly audit   '@oxc-resolver/binding-freebsd-x64': [ '11.20.0' ],
26 silly audit   '@oxc-resolver/binding-linux-arm-gnueabihf': [ '11.20.0' ],
26 silly audit   '@oxc-resolver/binding-linux-arm-musleabihf': [ '11.20.0' ],
26 silly audit   '@oxc-resolver/binding-linux-arm64-gnu': [ '11.20.0' ],
26 silly audit   '@oxc-resolver/binding-linux-arm64-musl': [ '11.20.0' ],
26 silly audit   '@oxc-resolver/binding-linux-ppc64-gnu': [ '11.20.0' ],
26 silly audit   '@oxc-resolver/binding-linux-riscv64-gnu': [ '11.20.0' ],
26 silly audit   '@oxc-resolver/binding-linux-riscv64-musl': [ '11.20.0' ],
26 silly audit   '@oxc-resolver/binding-linux-s390x-gnu': [ '11.20.0' ],
26 silly audit   '@oxc-resolver/binding-linux-x64-gnu': [ '11.20.0' ],
26 silly audit   '@oxc-resolver/binding-linux-x64-musl': [ '11.20.0' ],
26 silly audit   '@oxc-resolver/binding-openharmony-arm64': [ '11.20.0' ],
26 silly audit   '@oxc-resolver/binding-wasm32-wasi': [ '11.20.0' ],
26 silly audit   '@oxc-resolver/binding-win32-arm64-msvc': [ '11.20.0' ],
26 silly audit   '@oxc-resolver/binding-win32-x64-msvc': [ '11.20.0' ],
26 silly audit   '@polka/url': [ '1.0.0-next.29' ],
26 silly audit   '@radix-ui/primitive': [ '1.1.3' ],
26 silly audit   '@radix-ui/react-compose-refs': [ '1.1.2' ],
26 silly audit   '@radix-ui/react-context': [ '1.1.2' ],
26 silly audit   '@radix-ui/react-dialog': [ '1.1.15' ],
26 silly audit   '@radix-ui/react-primitive': [ '2.1.3', '2.1.4' ],
26 silly audit   '@radix-ui/react-dismissable-layer': [ '1.1.11' ],
26 silly audit   '@radix-ui/react-focus-guards': [ '1.1.3' ],
26 silly audit   '@radix-ui/react-focus-scope': [ '1.1.7' ],
26 silly audit   '@radix-ui/react-id': [ '1.1.1' ],
26 silly audit   '@radix-ui/react-portal': [ '1.1.9' ],
26 silly audit   '@radix-ui/react-presence': [ '1.1.5' ],
26 silly audit   '@radix-ui/react-slot': [ '1.2.4', '1.2.3' ],
26 silly audit   '@radix-ui/react-use-callback-ref': [ '1.1.1' ],
26 silly audit   '@radix-ui/react-use-controllable-state': [ '1.2.2' ],
26 silly audit   '@radix-ui/react-use-effect-event': [ '0.0.2' ],
26 silly audit   '@radix-ui/react-use-escape-keydown': [ '1.1.1' ],
26 silly audit   '@radix-ui/react-use-layout-effect': [ '1.1.1' ],
26 silly audit   '@reduxjs/toolkit': [ '2.12.0' ],
26 silly audit   immer: [ '11.1.8', '10.2.0' ],
26 silly audit   '@rolldown/binding-android-arm64': [ '1.0.2' ],
26 silly audit   '@rolldown/binding-darwin-arm64': [ '1.0.2' ],
26 silly audit   '@rolldown/binding-darwin-x64': [ '1.0.2' ],
26 silly audit   '@rolldown/binding-freebsd-x64': [ '1.0.2' ],
26 silly audit   '@rolldown/binding-linux-arm-gnueabihf': [ '1.0.2' ],
26 silly audit   '@rolldown/binding-linux-arm64-gnu': [ '1.0.2' ],
26 silly audit   '@rolldown/binding-linux-arm64-musl': [ '1.0.2' ],
26 silly audit   '@rolldown/binding-linux-ppc64-gnu': [ '1.0.2' ],
26 silly audit   '@rolldown/binding-linux-s390x-gnu': [ '1.0.2' ],
26 silly audit   '@rolldown/binding-linux-x64-gnu': [ '1.0.2' ],
26 silly audit   '@rolldown/binding-linux-x64-musl': [ '1.0.2' ],
26 silly audit   '@rolldown/binding-openharmony-arm64': [ '1.0.2' ],
26 silly audit   '@rolldown/binding-wasm32-wasi': [ '1.0.2' ],
26 silly audit   '@rolldown/binding-win32-arm64-msvc': [ '1.0.2' ],
26 silly audit   '@rolldown/binding-win32-x64-msvc': [ '1.0.2' ],
26 silly audit   '@rolldown/pluginutils': [ '1.0.1' ],
26 silly audit   '@rtsao/scc': [ '1.1.0' ],
26 silly audit   '@stablelib/base64': [ '1.0.1' ],
26 silly audit   '@standard-schema/spec': [ '1.1.0' ],
26 silly audit   '@standard-schema/utils': [ '0.3.0' ],
26 silly audit   '@supabase/auth-js': [ '2.106.2' ],
26 silly audit   '@supabase/functions-js': [ '2.106.2' ],
26 silly audit   '@supabase/phoenix': [ '0.4.2' ],
26 silly audit   '@supabase/postgrest-js': [ '2.106.2' ],
26 silly audit   '@supabase/realtime-js': [ '2.106.2' ],
26 silly audit   '@supabase/ssr': [ '0.9.0' ],
26 silly audit   '@supabase/storage-js': [ '2.106.2' ],
26 silly audit   '@supabase/supabase-js': [ '2.106.2' ],
26 silly audit   '@swc/helpers': [ '0.5.15' ],
26 silly audit   '@tailwindcss/container-queries': [ '0.1.1' ],
26 silly audit   '@tailwindcss/forms': [ '0.5.11' ],
26 silly audit   '@tailwindcss/node': [ '4.3.0' ],
26 silly audit   '@tailwindcss/oxide': [ '4.3.0' ],
26 silly audit   '@tailwindcss/oxide-android-arm64': [ '4.3.0' ],
26 silly audit   '@tailwindcss/oxide-darwin-arm64': [ '4.3.0' ],
26 silly audit   '@tailwindcss/oxide-darwin-x64': [ '4.3.0' ],
26 silly audit   '@tailwindcss/oxide-freebsd-x64': [ '4.3.0' ],
26 silly audit   '@tailwindcss/oxide-linux-arm-gnueabihf': [ '4.3.0' ],
26 silly audit   '@tailwindcss/oxide-linux-arm64-gnu': [ '4.3.0' ],
26 silly audit   '@tailwindcss/oxide-linux-arm64-musl': [ '4.3.0' ],
26 silly audit   '@tailwindcss/oxide-linux-x64-gnu': [ '4.3.0' ],
26 silly audit   '@tailwindcss/oxide-linux-x64-musl': [ '4.3.0' ],
26 silly audit   '@tailwindcss/oxide-wasm32-wasi': [ '4.3.0' ],
26 silly audit   '@tailwindcss/oxide-win32-arm64-msvc': [ '4.3.0' ],
26 silly audit   '@tailwindcss/oxide-win32-x64-msvc': [ '4.3.0' ],
26 silly audit   '@tailwindcss/postcss': [ '4.3.0' ],
26 silly audit   '@tanstack/query-core': [ '5.100.14' ],
26 silly audit   '@tanstack/query-devtools': [ '5.100.14' ],
26 silly audit   '@tanstack/react-query': [ '5.100.14' ],
26 silly audit   '@tanstack/react-query-devtools': [ '5.100.14' ],
26 silly audit   '@testing-library/dom': [ '10.4.1' ],
26 silly audit   '@testing-library/jest-dom': [ '6.9.1' ],
26 silly audit   'dom-accessibility-api': [ '0.6.3', '0.5.16' ],
26 silly audit   '@testing-library/react': [ '16.3.2' ],
26 silly audit   '@ts-graphviz/adapter': [ '2.0.6' ],
26 silly audit   '@ts-graphviz/ast': [ '2.0.7' ],
26 silly audit   '@ts-graphviz/common': [ '2.1.5' ],
26 silly audit   '@ts-graphviz/core': [ '2.0.7' ],
26 silly audit   '@tybys/wasm-util': [ '0.10.2' ],
26 silly audit   '@types/aria-query': [ '5.0.4' ],
26 silly audit   '@types/chai': [ '5.2.3' ],
26 silly audit   '@types/d3-array': [ '3.2.2' ],
26 silly audit   '@types/d3-color': [ '3.1.3' ],
26 silly audit   '@types/d3-ease': [ '3.0.2' ],
26 silly audit   '@types/d3-interpolate': [ '3.0.4' ],
26 silly audit   '@types/d3-path': [ '3.1.1' ],
26 silly audit   '@types/d3-scale': [ '4.0.9' ],
26 silly audit   '@types/d3-shape': [ '3.1.8' ],
26 silly audit   '@types/d3-time': [ '3.0.4' ],
26 silly audit   '@types/d3-timer': [ '3.0.2' ],
26 silly audit   '@types/deep-eql': [ '4.0.2' ],
26 silly audit   '@types/estree': [ '1.0.9' ],
26 silly audit   '@types/json-schema': [ '7.0.15' ],
26 silly audit   '@types/json5': [ '0.0.29' ],
26 silly audit   '@types/jspdf': [ '1.3.3' ],
26 silly audit   '@types/node': [ '20.19.41' ],
26 silly audit   '@types/pako': [ '2.0.4' ],
26 silly audit   '@types/raf': [ '3.4.3' ],
26 silly audit   '@types/react': [ '19.2.15' ],
26 silly audit   '@types/react-dom': [ '19.2.3' ],
26 silly audit   '@types/trusted-types': [ '2.0.7' ],
26 silly audit   '@types/use-sync-external-store': [ '0.0.6' ],
26 silly audit   '@typescript-eslint/eslint-plugin': [ '8.60.0' ],
26 silly audit   ignore: [ '7.0.5', '5.3.2' ],
26 silly audit   '@typescript-eslint/parser': [ '8.60.0' ],
26 silly audit   '@typescript-eslint/project-service': [ '8.60.0' ],
26 silly audit   '@typescript-eslint/scope-manager': [ '8.60.0' ],
26 silly audit   '@typescript-eslint/tsconfig-utils': [ '8.60.0' ],
26 silly audit   '@typescript-eslint/type-utils': [ '8.60.0' ],
26 silly audit   '@typescript-eslint/types': [ '8.60.0' ],
26 silly audit   '@typescript-eslint/typescript-estree': [ '8.60.0' ],
26 silly audit   'balanced-match': [ '4.0.4', '1.0.2' ],
26 silly audit   'brace-expansion': [ '5.0.6', '1.1.15' ],
26 silly audit   minimatch: [ '10.2.5', '3.1.5' ],
26 silly audit   semver: [ '7.8.1', '6.3.1' ],
26 silly audit   '@typescript-eslint/utils': [ '8.60.0' ],
26 silly audit   '@typescript-eslint/visitor-keys': [ '8.60.0' ],
26 silly audit   '@unrs/resolver-binding-android-arm-eabi': [ '1.12.2' ],
26 silly audit   '@unrs/resolver-binding-android-arm64': [ '1.12.2' ],
26 silly audit   '@unrs/resolver-binding-darwin-arm64': [ '1.12.2' ],
26 silly audit   '@unrs/resolver-binding-darwin-x64': [ '1.12.2' ],
26 silly audit   '@unrs/resolver-binding-freebsd-x64': [ '1.12.2' ],
26 silly audit   '@unrs/resolver-binding-linux-arm-gnueabihf': [ '1.12.2' ],
26 silly audit   '@unrs/resolver-binding-linux-arm-musleabihf': [ '1.12.2' ],
26 silly audit   '@unrs/resolver-binding-linux-arm64-gnu': [ '1.12.2' ],
26 silly audit   '@unrs/resolver-binding-linux-arm64-musl': [ '1.12.2' ],
26 silly audit   '@unrs/resolver-binding-linux-loong64-gnu': [ '1.12.2' ],
26 silly audit   '@unrs/resolver-binding-linux-loong64-musl': [ '1.12.2' ],
26 silly audit   '@unrs/resolver-binding-linux-ppc64-gnu': [ '1.12.2' ],
26 silly audit   '@unrs/resolver-binding-linux-riscv64-gnu': [ '1.12.2' ],
26 silly audit   '@unrs/resolver-binding-linux-riscv64-musl': [ '1.12.2' ],
26 silly audit   '@unrs/resolver-binding-linux-s390x-gnu': [ '1.12.2' ],
26 silly audit   '@unrs/resolver-binding-linux-x64-gnu': [ '1.12.2' ],
26 silly audit   '@unrs/resolver-binding-linux-x64-musl': [ '1.12.2' ],
26 silly audit   '@unrs/resolver-binding-openharmony-arm64': [ '1.12.2' ],
26 silly audit   '@unrs/resolver-binding-wasm32-wasi': [ '1.12.2' ],
26 silly audit   '@unrs/resolver-binding-win32-arm64-msvc': [ '1.12.2' ],
26 silly audit   '@unrs/resolver-binding-win32-ia32-msvc': [ '1.12.2' ],
26 silly audit   '@unrs/resolver-binding-win32-x64-msvc': [ '1.12.2' ],
26 silly audit   '@vitest/coverage-v8': [ '4.1.7' ],
26 silly audit   '@vitest/expect': [ '4.1.7' ],
26 silly audit   '@vitest/mocker': [ '4.1.7' ],
26 silly audit   '@vitest/pretty-format': [ '4.1.7' ],
26 silly audit   '@vitest/runner': [ '4.1.7' ],
26 silly audit   '@vitest/snapshot': [ '4.1.7' ],
26 silly audit   '@vitest/spy': [ '4.1.7' ],
26 silly audit   '@vitest/utils': [ '4.1.7' ],
26 silly audit   '@vue/compiler-core': [ '3.5.35' ],
26 silly audit   entities: [ '7.0.1', '8.0.0' ],
26 silly audit   'estree-walker': [ '2.0.2', '3.0.3' ],
26 silly audit   '@vue/compiler-dom': [ '3.5.35' ],
26 silly audit   '@vue/compiler-sfc': [ '3.5.35' ],
26 silly audit   '@vue/compiler-ssr': [ '3.5.35' ],
26 silly audit   '@vue/shared': [ '3.5.35' ],
26 silly audit   '@yarnpkg/lockfile': [ '1.1.0' ],
26 silly audit   acorn: [ '8.16.0' ],
26 silly audit   'acorn-jsx': [ '5.3.2' ],
26 silly audit   'acorn-walk': [ '8.3.5' ],
26 silly audit   ajv: [ '6.15.0' ],
26 silly audit   'ansi-regex': [ '5.0.1' ],
26 silly audit   'ansi-styles': [ '4.3.0', '5.2.0' ],
26 silly audit   'any-promise': [ '1.3.0' ],
26 silly audit   'app-module-path': [ '2.2.0' ],
26 silly audit   argparse: [ '2.0.1' ],
26 silly audit   'aria-hidden': [ '1.2.6' ],
26 silly audit   'aria-query': [ '5.3.0', '5.3.2' ],
26 silly audit   'array-buffer-byte-length': [ '1.0.2' ],
26 silly audit   'array-includes': [ '3.1.9' ],
26 silly audit   'array.prototype.findlast': [ '1.2.5' ],
26 silly audit   'array.prototype.findlastindex': [ '1.2.6' ],
26 silly audit   'array.prototype.flat': [ '1.3.3' ],
26 silly audit   'array.prototype.flatmap': [ '1.3.3' ],
26 silly audit   'array.prototype.tosorted': [ '1.1.4' ],
26 silly audit   'arraybuffer.prototype.slice': [ '1.0.4' ],
26 silly audit   'assertion-error': [ '2.0.1' ],
26 silly audit   'ast-module-types': [ '6.0.2' ],
26 silly audit   'ast-types-flow': [ '0.0.8' ],
26 silly audit   'ast-v8-to-istanbul': [ '1.0.2' ],
26 silly audit   'js-tokens': [ '10.0.0', '4.0.0' ],
26 silly audit   'async-function': [ '1.0.0' ],
26 silly audit   'available-typed-arrays': [ '1.0.7' ],
26 silly audit   'axe-core': [ '4.11.4' ],
26 silly audit   'axobject-query': [ '4.1.0' ],
26 silly audit   'babel-plugin-react-compiler': [ '1.0.0' ],
26 silly audit   'base64-arraybuffer': [ '1.0.2' ],
26 silly audit   'base64-js': [ '1.5.1' ],
26 silly audit   'baseline-browser-mapping': [ '2.10.32' ],
26 silly audit   'bidi-js': [ '1.0.3' ],
26 silly audit   bl: [ '4.1.0' ],
26 silly audit   braces: [ '3.0.3' ],
26 silly audit   browserslist: [ '4.28.2' ],
26 silly audit   buffer: [ '5.7.1' ],
26 silly audit   'call-bind': [ '1.0.9' ],
26 silly audit   'call-bind-apply-helpers': [ '1.0.2' ],
26 silly audit   'call-bound': [ '1.0.4' ],
26 silly audit   callsites: [ '3.1.0' ],
26 silly audit   'caniuse-lite': [ '1.0.30001793' ],
26 silly audit   canvg: [ '3.0.11' ],
26 silly audit   chai: [ '6.2.2' ],
26 silly audit   chalk: [ '4.1.2' ],
26 silly audit   'ci-info': [ '3.9.0' ],
26 silly audit   'class-variance-authority': [ '0.7.1' ],
26 silly audit   'cli-cursor': [ '3.1.0' ],
26 silly audit   'cli-spinners': [ '2.9.2' ],
26 silly audit   'client-only': [ '0.0.1' ],
26 silly audit   clone: [ '1.0.4' ],
26 silly audit   clsx: [ '2.1.1' ],
26 silly audit   cmdk: [ '1.1.1' ],
26 silly audit   'color-convert': [ '2.0.1' ],
26 silly audit   'color-name': [ '1.1.4' ],
26 silly audit   commander: [ '7.2.0', '12.1.0' ],
26 silly audit   commondir: [ '1.0.1' ],
26 silly audit   'concat-map': [ '0.0.1' ],
26 silly audit   'convert-source-map': [ '2.0.0' ],
26 silly audit   cookie: [ '1.1.1' ],
26 silly audit   'core-js': [ '3.49.0' ],
26 silly audit   'cross-spawn': [ '7.0.6' ],
26 silly audit   'css-line-break': [ '2.1.0' ],
26 silly audit   'css-tree': [ '3.2.1' ],
26 silly audit   'css.escape': [ '1.5.1' ],
26 silly audit   csstype: [ '3.2.3' ],
26 silly audit   'd3-array': [ '3.2.4' ],
26 silly audit   'd3-color': [ '3.1.0' ],
26 silly audit   'd3-ease': [ '3.0.1' ],
26 silly audit   'd3-format': [ '3.1.2' ],
26 silly audit   'd3-interpolate': [ '3.0.1' ],
26 silly audit   'd3-path': [ '3.1.0' ],
26 silly audit   'd3-scale': [ '4.0.2' ],
26 silly audit   'd3-shape': [ '3.2.0' ],
26 silly audit   'd3-time': [ '3.1.0' ],
26 silly audit   'd3-time-format': [ '4.1.0' ],
26 silly audit   'd3-timer': [ '3.0.1' ],
26 silly audit   'damerau-levenshtein': [ '1.0.8' ],
26 silly audit   'data-urls': [ '7.0.0' ],
26 silly audit   'data-view-buffer': [ '1.0.2' ],
26 silly audit   'data-view-byte-length': [ '1.0.2' ],
26 silly audit   'data-view-byte-offset': [ '1.0.1' ],
26 silly audit   'date-fns': [ '4.3.0' ],
26 silly audit   debounce: [ '1.2.1' ],
26 silly audit   debug: [ '4.4.3', '3.2.7' ],
26 silly audit   'decimal.js': [ '10.6.0' ],
26 silly audit   'decimal.js-light': [ '2.5.1' ],
26 silly audit   'deep-extend': [ '0.6.0' ],
26 silly audit   'deep-is': [ '0.1.4' ],
26 silly audit   defaults: [ '1.0.4' ],
26 silly audit   'define-data-property': [ '1.1.4' ],
26 silly audit   'define-properties': [ '1.2.1' ],
26 silly audit   'dependency-tree': [ '11.5.0' ],
26 silly audit   dequal: [ '2.0.3' ],
26 silly audit   'detect-libc': [ '2.1.2' ],
26 silly audit   'detect-node-es': [ '1.1.0' ],
26 silly audit   'detective-amd': [ '6.1.0' ],
26 silly audit   'detective-cjs': [ '6.1.1' ],
26 silly audit   'detective-es6': [ '5.0.2' ],
26 silly audit   'detective-postcss': [ '8.0.4' ],
26 silly audit   'detective-sass': [ '6.0.2' ],
26 silly audit   'detective-scss': [ '5.0.2' ],
26 silly audit   'detective-stylus': [ '5.0.1' ],
26 silly audit   'detective-typescript': [ '14.1.2' ],
26 silly audit   'detective-vue2': [ '2.3.0' ],
26 silly audit   doctrine: [ '2.1.0' ],
26 silly audit   dompurify: [ '3.4.7' ],
26 silly audit   dotenv: [ '17.4.2' ],
26 silly audit   'dunder-proto': [ '1.0.1' ],
26 silly audit   duplexer: [ '0.1.2' ],
26 silly audit   'electron-to-chromium': [ '1.5.364' ],
26 silly audit   'emoji-regex': [ '9.2.2' ],
26 silly audit   'enhanced-resolve': [ '5.22.1' ],
26 silly audit   'es-abstract': [ '1.24.2' ],
26 silly audit   'es-define-property': [ '1.0.1' ],
26 silly audit   'es-errors': [ '1.3.0' ],
26 silly audit   'es-iterator-helpers': [ '1.3.2' ],
26 silly audit   'es-module-lexer': [ '2.1.0' ],
26 silly audit   'es-object-atoms': [ '1.1.2' ],
26 silly audit   'es-set-tostringtag': [ '2.1.0' ],
26 silly audit   'es-shim-unscopables': [ '1.1.0' ],
26 silly audit   'es-to-primitive': [ '1.3.0' ],
26 silly audit   'es-toolkit': [ '1.47.0' ],
26 silly audit   esbuild: [ '0.28.0' ],
26 silly audit   escalade: [ '3.2.0' ],
26 silly audit   'escape-string-regexp': [ '4.0.0' ],
26 silly audit   escodegen: [ '2.1.0' ],
26 silly audit   eslint: [ '9.39.4' ],
26 silly audit   'eslint-config-next': [ '16.1.6' ],
26 silly audit   globals: [ '16.4.0', '14.0.0' ],
26 silly audit   'eslint-import-resolver-node': [ '0.3.10' ],
26 silly audit   'eslint-import-resolver-typescript': [ '3.10.1' ],
26 silly audit   'eslint-module-utils': [ '2.13.0' ],
26 silly audit   'eslint-plugin-import': [ '2.32.0' ],
26 silly audit   'eslint-plugin-jsx-a11y': [ '6.10.2' ],
26 silly audit   'eslint-plugin-react': [ '7.37.5' ],
26 silly audit   'eslint-plugin-react-hooks': [ '7.1.1' ],
26 silly audit   'eslint-scope': [ '8.4.0' ],
26 silly audit   espree: [ '10.4.0' ],
26 silly audit   esprima: [ '4.0.1' ],
26 silly audit   esquery: [ '1.7.0' ],
26 silly audit   esrecurse: [ '4.3.0' ],
26 silly audit   estraverse: [ '5.3.0' ],
26 silly audit   esutils: [ '2.0.3' ],
26 silly audit   eventemitter3: [ '5.0.4' ],
26 silly audit   'expect-type': [ '1.3.0' ],
26 silly audit   'fast-deep-equal': [ '3.1.3' ],
26 silly audit   'fast-glob': [ '3.3.1' ],
26 silly audit   'glob-parent': [ '5.1.2', '6.0.2' ],
26 silly audit   'fast-json-stable-stringify': [ '2.1.0' ],
26 silly audit   'fast-levenshtein': [ '2.0.6' ],
26 silly audit   'fast-png': [ '6.4.0' ],
26 silly audit   'fast-sha256': [ '1.3.0' ],
26 silly audit   fastq: [ '1.20.1' ],
26 silly audit   'fd-package-json': [ '2.0.0' ],
26 silly audit   fdir: [ '6.5.0' ],
26 silly audit   fflate: [ '0.8.3' ],
26 silly audit   'file-entry-cache': [ '8.0.0' ],
26 silly audit   'filing-cabinet': [ '5.5.1' ],
26 silly audit   resolve: [ '1.22.12', '2.0.0-next.7' ],
26 silly audit   'tsconfig-paths': [ '4.2.0', '3.15.0' ],
26 silly audit   'fill-range': [ '7.1.1' ],
26 silly audit   'find-up': [ '5.0.0' ],
26 silly audit   'find-yarn-workspace-root': [ '2.0.0' ],
26 silly audit   'flat-cache': [ '4.0.1' ],
26 silly audit   flatted: [ '3.4.2' ],
26 silly audit   'for-each': [ '0.3.5' ],
26 silly audit   formatly: [ '0.3.0' ],
26 silly audit   'framer-motion': [ '12.40.0' ],
26 silly audit   'fs-extra': [ '10.1.0' ],
26 silly audit   fsevents: [ '2.3.3' ],
26 silly audit   'function-bind': [ '1.1.2' ],
26 silly audit   'function.prototype.name': [ '1.1.8' ],
26 silly audit   'functions-have-names': [ '1.2.3' ],
26 silly audit   'generator-function': [ '2.0.1' ],
26 silly audit   gensync: [ '1.0.0-beta.2' ],
26 silly audit   'get-amd-module-type': [ '6.0.2' ],
26 silly audit   'get-intrinsic': [ '1.3.0' ],
26 silly audit   'get-nonce': [ '1.0.1' ],
26 silly audit   'get-own-enumerable-property-symbols': [ '3.0.2' ],
26 silly audit   'get-proto': [ '1.0.1' ],
26 silly audit   'get-symbol-description': [ '1.1.0' ],
26 silly audit   'get-tsconfig': [ '4.14.0' ],
26 silly audit   globalthis: [ '1.0.4' ],
26 silly audit   'gonzales-pe': [ '4.3.0' ],
26 silly audit   gopd: [ '1.2.0' ],
26 silly audit   'graceful-fs': [ '4.2.11' ],
26 silly audit   'gzip-size': [ '6.0.0' ],
26 silly audit   'has-bigints': [ '1.1.0' ],
26 silly audit   'has-flag': [ '4.0.0' ],
26 silly audit   'has-property-descriptors': [ '1.0.2' ],
26 silly audit   'has-proto': [ '1.2.0' ],
26 silly audit   'has-symbols': [ '1.1.0' ],
26 silly audit   'has-tostringtag': [ '1.0.2' ],
26 silly audit   hasown: [ '2.0.4' ],
26 silly audit   'hermes-estree': [ '0.25.1' ],
26 silly audit   'hermes-parser': [ '0.25.1' ],
26 silly audit   'html-encoding-sniffer': [ '6.0.0' ],
26 silly audit   'html-escaper': [ '2.0.2' ],
26 silly audit   html2canvas: [ '1.4.1' ],
26 silly audit   'iceberg-js': [ '0.8.1' ],
26 silly audit   ieee754: [ '1.2.1' ],
26 silly audit   'import-fresh': [ '3.3.1' ],
26 silly audit   imurmurhash: [ '0.1.4' ],
26 silly audit   'indent-string': [ '4.0.0' ],
26 silly audit   inherits: [ '2.0.4' ],
26 silly audit   ini: [ '1.3.8' ],
26 silly audit   'internal-slot': [ '1.1.0' ],
26 silly audit   internmap: [ '2.0.3' ],
26 silly audit   iobuffer: [ '5.4.0' ],
26 silly audit   'is-array-buffer': [ '3.0.5' ],
26 silly audit   'is-async-function': [ '2.1.1' ],
26 silly audit   'is-bigint': [ '1.1.0' ],
26 silly audit   'is-boolean-object': [ '1.2.2' ],
26 silly audit   'is-bun-module': [ '2.0.0' ],
26 silly audit   'is-callable': [ '1.2.7' ],
26 silly audit   'is-core-module': [ '2.16.2' ],
26 silly audit   'is-data-view': [ '1.0.2' ],
26 silly audit   'is-date-object': [ '1.1.0' ],
26 silly audit   'is-docker': [ '2.2.1' ],
26 silly audit   'is-extglob': [ '2.1.1' ],
26 silly audit   'is-finalizationregistry': [ '1.1.1' ],
26 silly audit   'is-generator-function': [ '1.1.2' ],
26 silly audit   'is-glob': [ '4.0.3' ],
26 silly audit   'is-interactive': [ '1.0.0' ],
26 silly audit   'is-map': [ '2.0.3' ],
26 silly audit   'is-negative-zero': [ '2.0.3' ],
26 silly audit   'is-number': [ '7.0.0' ],
26 silly audit   'is-number-object': [ '1.1.1' ],
26 silly audit   'is-obj': [ '1.0.1' ],
26 silly audit   'is-plain-object': [ '5.0.0' ],
26 silly audit   'is-potential-custom-element-name': [ '1.0.1' ],
26 silly audit   'is-regex': [ '1.2.1' ],
26 silly audit   'is-regexp': [ '1.0.0' ],
26 silly audit   'is-set': [ '2.0.3' ],
26 silly audit   'is-shared-array-buffer': [ '1.0.4' ],
26 silly audit   'is-string': [ '1.1.1' ],
26 silly audit   'is-symbol': [ '1.1.1' ],
26 silly audit   'is-typed-array': [ '1.1.15' ],
26 silly audit   'is-unicode-supported': [ '0.1.0' ],
26 silly audit   'is-url-superb': [ '4.0.0' ],
26 silly audit   'is-weakmap': [ '2.0.2' ],
26 silly audit   'is-weakref': [ '1.1.1' ],
26 silly audit   'is-weakset': [ '2.0.4' ],
26 silly audit   'is-wsl': [ '2.2.0' ],
26 silly audit   isarray: [ '2.0.5' ],
26 silly audit   isexe: [ '2.0.0' ],
26 silly audit   'istanbul-lib-coverage': [ '3.2.2' ],
26 silly audit   'istanbul-lib-report': [ '3.0.1' ],
26 silly audit   'istanbul-reports': [ '3.2.0' ],
26 silly audit   'iterator.prototype': [ '1.1.5' ],
26 silly audit   jiti: [ '2.7.0' ],
26 silly audit   'js-yaml': [ '4.1.1' ],
26 silly audit   jsdom: [ '29.1.1' ],
26 silly audit   'lru-cache': [ '11.5.1', '5.1.1' ],
26 silly audit   jsesc: [ '3.1.0' ],
26 silly audit   'json-buffer': [ '3.0.1' ],
26 silly audit   'json-schema-traverse': [ '0.4.1' ],
26 silly audit   'json-stable-stringify': [ '1.3.0' ],
26 silly audit   'json-stable-stringify-without-jsonify': [ '1.0.1' ],
26 silly audit   json5: [ '2.2.3', '1.0.2' ],
26 silly audit   jsonfile: [ '6.2.1' ],
26 silly audit   jsonify: [ '0.0.1' ],
26 silly audit   jspdf: [ '4.2.1' ],
26 silly audit   'jsx-ast-utils': [ '3.3.5' ],
26 silly audit   keyv: [ '4.5.4' ],
26 silly audit   'klaw-sync': [ '6.0.0' ],
26 silly audit   knip: [ '6.14.2' ],
26 silly audit   'strip-json-comments': [ '5.0.3', '2.0.1', '3.1.1' ],
26 silly audit   'language-subtag-registry': [ '0.3.23' ],
26 silly audit   'language-tags': [ '1.0.9' ],
26 silly audit   levn: [ '0.4.1' ],
26 silly audit   lightningcss: [ '1.32.0' ],
26 silly audit   'lightningcss-android-arm64': [ '1.32.0' ],
26 silly audit   'lightningcss-darwin-arm64': [ '1.32.0' ],
26 silly audit   'lightningcss-darwin-x64': [ '1.32.0' ],
26 silly audit   'lightningcss-freebsd-x64': [ '1.32.0' ],
26 silly audit   'lightningcss-linux-arm-gnueabihf': [ '1.32.0' ],
26 silly audit   'lightningcss-linux-arm64-gnu': [ '1.32.0' ],
26 silly audit   'lightningcss-linux-arm64-musl': [ '1.32.0' ],
26 silly audit   'lightningcss-linux-x64-gnu': [ '1.32.0' ],
26 silly audit   'lightningcss-linux-x64-musl': [ '1.32.0' ],
26 silly audit   'lightningcss-win32-arm64-msvc': [ '1.32.0' ],
26 silly audit   'lightningcss-win32-x64-msvc': [ '1.32.0' ],
26 silly audit   'locate-path': [ '6.0.0' ],
26 silly audit   'lodash.merge': [ '4.6.2' ],
26 silly audit   'log-symbols': [ '4.1.0' ],
26 silly audit   'loose-envify': [ '1.4.0' ],
26 silly audit   'lucide-react': [ '0.577.0' ],
26 silly audit   'lz-string': [ '1.5.0' ],
26 silly audit   madge: [ '8.0.0' ],
26 silly audit   'magic-string': [ '0.30.21' ],
26 silly audit   magicast: [ '0.5.3' ],
26 silly audit   'make-dir': [ '4.0.0' ],
26 silly audit   'math-intrinsics': [ '1.1.0' ],
26 silly audit   'mdn-data': [ '2.27.1' ],
26 silly audit   merge2: [ '1.4.1' ],
26 silly audit   micromatch: [ '4.0.8' ],
26 silly audit   picomatch: [ '2.3.2', '4.0.4' ],
26 silly audit   'mimic-fn': [ '2.1.0' ],
26 silly audit   'min-indent': [ '1.0.1' ],
26 silly audit   'mini-svg-data-uri': [ '1.4.4' ],
26 silly audit   minimist: [ '1.2.8' ],
26 silly audit   'module-definition': [ '6.0.2' ],
26 silly audit   'module-lookup-amd': [ '9.1.3' ],
26 silly audit   'motion-dom': [ '12.40.0' ],
26 silly audit   'motion-utils': [ '12.39.0' ],
26 silly audit   mrmime: [ '2.0.1' ],
26 silly audit   ms: [ '2.1.3' ],
26 silly audit   nanoid: [ '3.3.12' ],
26 silly audit   'napi-postinstall': [ '0.3.4' ],
26 silly audit   'natural-compare': [ '1.4.0' ],
26 silly audit   next: [ '16.2.6' ],
26 silly audit   'next-themes': [ '0.4.6' ],
26 silly audit   '@next/swc-win32-x64-msvc': [ '16.2.6' ],
26 silly audit   postcss: [ '8.4.31', '8.5.15' ],
26 silly audit   'node-exports-info': [ '1.6.0' ],
26 silly audit   'node-releases': [ '2.0.46' ],
26 silly audit   'node-source-walk': [ '7.0.2' ],
26 silly audit   'object-assign': [ '4.1.1' ],
26 silly audit   'object-inspect': [ '1.13.4' ],
26 silly audit   'object-keys': [ '1.1.1' ],
26 silly audit   'object.assign': [ '4.1.7' ],
26 silly audit   'object.entries': [ '1.1.9' ],
26 silly audit   'object.fromentries': [ '2.0.8' ],
26 silly audit   'object.groupby': [ '1.0.3' ],
26 silly audit   'object.values': [ '1.2.1' ],
26 silly audit   obug: [ '2.1.1' ],
26 silly audit   onetime: [ '5.1.2' ],
26 silly audit   open: [ '7.4.2' ],
26 silly audit   opener: [ '1.5.2' ],
26 silly audit   optionator: [ '0.9.4' ],
26 silly audit   ora: [ '5.4.1' ],
26 silly audit   'own-keys': [ '1.0.1' ],
26 silly audit   'oxc-parser': [ '0.130.0' ],
26 silly audit   'oxc-resolver': [ '11.20.0' ],
26 silly audit   'p-limit': [ '3.1.0' ],
26 silly audit   'p-locate': [ '5.0.0' ],
26 silly audit   pako: [ '2.1.0' ],
26 silly audit   'parent-module': [ '1.0.1' ],
26 silly audit   'parse-ms': [ '2.1.0' ],
26 silly audit   parse5: [ '8.0.1' ],
26 silly audit   'patch-package': [ '8.0.1' ],
26 silly audit   'path-exists': [ '4.0.0' ],
26 silly audit   'path-key': [ '3.1.1' ],
26 silly audit   'path-parse': [ '1.0.7' ],
26 silly audit   pathe: [ '2.0.3' ],
26 silly audit   'performance-now': [ '2.1.0' ],
26 silly audit   picocolors: [ '1.1.1' ],
26 silly audit   pluralize: [ '8.0.0' ],
26 silly audit   'possible-typed-array-names': [ '1.1.0' ],
26 silly audit   'postal-mime': [ '2.7.4' ],
26 silly audit   'postcss-values-parser': [ '6.0.2' ],
26 silly audit   precinct: [ '12.3.2' ],
26 silly audit   'prelude-ls': [ '1.2.1' ],
26 silly audit   'pretty-format': [ '27.5.1' ],
26 silly audit   'react-is': [ '17.0.2', '16.13.1', '19.2.6' ],
26 silly audit   'pretty-ms': [ '7.0.1' ],
26 silly audit   'prop-types': [ '15.8.1' ],
26 silly audit   punycode: [ '2.3.1' ],
26 silly audit   'queue-microtask': [ '1.2.3' ],
26 silly audit   'quote-unquote': [ '1.0.0' ],
26 silly audit   raf: [ '3.4.1' ],
26 silly audit   rc: [ '1.2.8' ],
26 silly audit   react: [ '19.2.3' ],
26 silly audit   'react-dom': [ '19.2.3' ],
26 silly audit   'react-redux': [ '9.3.0' ],
26 silly audit   'react-remove-scroll': [ '2.7.2' ],
26 silly audit   'react-remove-scroll-bar': [ '2.3.8' ],
26 silly audit   'react-style-singleton': [ '2.2.3' ],
26 silly audit   'readable-stream': [ '3.6.2' ],
26 silly audit   recharts: [ '3.8.1' ],
26 silly audit   redent: [ '3.0.0' ],
26 silly audit   redux: [ '5.0.1' ],
26 silly audit   'redux-thunk': [ '3.1.0' ],
26 silly audit   'reflect.getprototypeof': [ '1.0.10' ],
26 silly audit   'regenerator-runtime': [ '0.13.11' ],
26 silly audit   'regexp.prototype.flags': [ '1.5.4' ],
26 silly audit   'require-from-string': [ '2.0.2' ],
26 silly audit   requirejs: [ '2.3.8' ],
26 silly audit   'requirejs-config-file': [ '4.0.0' ],
26 silly audit   reselect: [ '5.1.1' ],
26 silly audit   resend: [ '6.12.4' ],
26 silly audit   'resolve-dependency-path': [ '4.0.1' ],
26 silly audit   'resolve-from': [ '4.0.0' ],
26 silly audit   'resolve-pkg-maps': [ '1.0.0' ],
26 silly audit   'restore-cursor': [ '3.1.0' ],
26 silly audit   reusify: [ '1.1.0' ],
26 silly audit   rgbcolor: [ '1.0.1' ],
26 silly audit   rolldown: [ '1.0.2' ],
26 silly audit   'run-parallel': [ '1.2.0' ],
26 silly audit   'safe-array-concat': [ '1.1.4' ],
26 silly audit   'safe-buffer': [ '5.2.1' ],
26 silly audit   'safe-push-apply': [ '1.0.0' ],
26 silly audit   'safe-regex-test': [ '1.1.0' ],
26 silly audit   'sass-lookup': [ '6.1.2' ],
26 silly audit   saxes: [ '6.0.0' ],
26 silly audit   scheduler: [ '0.27.0' ],
26 silly audit   'set-function-length': [ '1.2.2' ],
26 silly audit   'set-function-name': [ '2.0.2' ],
26 silly audit   'set-proto': [ '1.0.0' ],
26 silly audit   sharp: [ '0.34.5' ],
26 silly audit   'shebang-command': [ '2.0.0' ],
26 silly audit   'shebang-regex': [ '3.0.0' ],
26 silly audit   'side-channel': [ '1.1.0' ],
26 silly audit   'side-channel-list': [ '1.0.1' ],
26 silly audit   'side-channel-map': [ '1.0.1' ],
26 silly audit   'side-channel-weakmap': [ '1.0.2' ],
26 silly audit   siginfo: [ '2.0.0' ],
26 silly audit   'signal-exit': [ '3.0.7' ],
26 silly audit   sirv: [ '2.0.4' ],
26 silly audit   slash: [ '2.0.0' ],
26 silly audit   'smol-toml': [ '1.6.1' ],
26 silly audit   sonner: [ '2.0.7' ],
26 silly audit   'source-map': [ '0.6.1' ],
26 silly audit   'source-map-js': [ '1.2.1' ],
26 silly audit   'stable-hash': [ '0.0.5' ],
26 silly audit   stackback: [ '0.0.2' ],
26 silly audit   'stackblur-canvas': [ '2.7.0' ],
26 silly audit   standardwebhooks: [ '1.0.0' ],
26 silly audit   'std-env': [ '4.1.0' ],
26 silly audit   'stop-iteration-iterator': [ '1.1.0' ],
26 silly audit   'stream-to-array': [ '2.3.0' ],
26 silly audit   string_decoder: [ '1.3.0' ],
26 silly audit   'string.prototype.includes': [ '2.0.1' ],
26 silly audit   'string.prototype.matchall': [ '4.0.12' ],
26 silly audit   'string.prototype.repeat': [ '1.0.0' ],
26 silly audit   'string.prototype.trim': [ '1.2.10' ],
26 silly audit   'string.prototype.trimend': [ '1.0.9' ],
26 silly audit   'string.prototype.trimstart': [ '1.0.8' ],
26 silly audit   'stringify-object': [ '3.3.0' ],
26 silly audit   'strip-ansi': [ '6.0.1' ],
26 silly audit   'strip-bom': [ '3.0.0' ],
26 silly audit   'strip-indent': [ '3.0.0' ],
26 silly audit   stripe: [ '20.4.1' ],
26 silly audit   'styled-jsx': [ '5.1.6' ],
26 silly audit   'stylus-lookup': [ '6.1.2' ],
26 silly audit   'supports-color': [ '7.2.0' ],
26 silly audit   'supports-preserve-symlinks-flag': [ '1.0.0' ],
26 silly audit   'svg-pathdata': [ '6.0.3' ],
26 silly audit   'symbol-tree': [ '3.2.4' ],
26 silly audit   'tailwind-merge': [ '3.6.0' ],
26 silly audit   tailwindcss: [ '4.3.0' ],
26 silly audit   tapable: [ '2.3.3' ],
26 silly audit   'text-segmentation': [ '1.0.3' ],
26 silly audit   'tiny-invariant': [ '1.3.3' ],
26 silly audit   tinybench: [ '2.9.0' ],
26 silly audit   tinyexec: [ '1.2.3' ],
26 silly audit   tinyglobby: [ '0.2.16' ],
26 silly audit   tinyrainbow: [ '3.1.0' ],
26 silly audit   tldts: [ '7.4.0' ],
26 silly audit   'tldts-core': [ '7.4.1' ],
26 silly audit   tmp: [ '0.2.7' ],
26 silly audit   'to-regex-range': [ '5.0.1' ],
26 silly audit   totalist: [ '3.0.1' ],
26 silly audit   'tough-cookie': [ '6.0.1' ],
26 silly audit   tr46: [ '6.0.0' ],
26 silly audit   'ts-api-utils': [ '2.5.0' ],
26 silly audit   'ts-graphviz': [ '2.1.6' ],
26 silly audit   tslib: [ '2.8.1' ],
26 silly audit   tsx: [ '4.22.3' ],
26 silly audit   'type-check': [ '0.4.0' ],
26 silly audit   'typed-array-buffer': [ '1.0.3' ],
26 silly audit   'typed-array-byte-length': [ '1.0.3' ],
26 silly audit   'typed-array-byte-offset': [ '1.0.4' ],
26 silly audit   'typed-array-length': [ '1.0.8' ],
26 silly audit   typescript: [ '5.9.3' ],
26 silly audit   'typescript-eslint': [ '8.60.0' ],
26 silly audit   unbash: [ '3.0.0' ],
26 silly audit   'unbox-primitive': [ '1.1.0' ],
26 silly audit   undici: [ '7.26.0' ],
26 silly audit   'undici-types': [ '6.21.0' ],
26 silly audit   universalify: [ '2.0.1' ],
26 silly audit   'unrs-resolver': [ '1.12.2' ],
26 silly audit   'update-browserslist-db': [ '1.2.3' ],
26 silly audit   'uri-js': [ '4.4.1' ],
26 silly audit   'use-callback-ref': [ '1.3.3' ],
26 silly audit   'use-sidecar': [ '1.1.3' ],
26 silly audit   'use-sync-external-store': [ '1.6.0' ],
26 silly audit   'util-deprecate': [ '1.0.2' ],
26 silly audit   utrie: [ '1.0.2' ],
26 silly audit   'victory-vendor': [ '37.3.6' ],
26 silly audit   vite: [ '8.0.14' ],
26 silly audit   vitest: [ '4.1.7' ],
26 silly audit   'w3c-xmlserializer': [ '5.0.0' ],
26 silly audit   'walk-up-path': [ '4.0.0' ],
26 silly audit   walkdir: [ '0.4.1' ],
26 silly audit   wcwidth: [ '1.0.1' ],
26 silly audit   'webidl-conversions': [ '8.0.1' ],
26 silly audit   'webpack-bundle-analyzer': [ '4.10.1' ],
26 silly audit   'whatwg-mimetype': [ '5.0.0' ],
26 silly audit   'whatwg-url': [ '16.0.1' ],
26 silly audit   which: [ '2.0.2' ],
26 silly audit   'which-boxed-primitive': [ '1.1.1' ],
26 silly audit   'which-builtin-type': [ '1.2.1' ],
26 silly audit   'which-collection': [ '1.0.2' ],
26 silly audit   'which-typed-array': [ '1.1.21' ],
26 silly audit   'why-is-node-running': [ '2.3.0' ],
26 silly audit   'word-wrap': [ '1.2.5' ],
26 silly audit   ws: [ '7.5.11' ],
26 silly audit   'xml-name-validator': [ '5.0.0' ],
26 silly audit   xmlchars: [ '2.2.0' ],
26 silly audit   yallist: [ '3.1.1' ],
26 silly audit   yaml: [ '2.9.0' ],
26 silly audit   'yocto-queue': [ '0.1.0' ],
26 silly audit   zod: [ '4.4.3' ],
26 silly audit   'zod-validation-error': [ '4.0.2' ]
26 silly audit }
27 http fetch POST 200 https://registry.npmjs.org/-/npm/v1/security/advisories/bulk 928ms
28 silly audit report {
28 silly audit report   postcss: [
28 silly audit report     {
28 silly audit report       id: 1117015,
28 silly audit report       url: 'https://github.com/advisories/GHSA-qx2v-qp2m-jg93',
28 silly audit report       title: 'PostCSS has XSS via Unescaped </style> in its CSS Stringify Output',
28 silly audit report       severity: 'moderate',
28 silly audit report       vulnerable_versions: '<8.5.10',
28 silly audit report       cwe: [Array],
28 silly audit report       cvss: [Object]
28 silly audit report     }
28 silly audit report   ]
28 silly audit report }
29 silly packumentCache corgi:https://registry.npmjs.org/postcss cache-miss
30 http fetch GET 200 https://registry.npmjs.org/postcss 51ms (cache miss)
31 silly packumentCache corgi:https://registry.npmjs.org/postcss set size:undefined disposed:false
32 silly packumentCache corgi:https://registry.npmjs.org/next cache-miss
33 http fetch GET 200 https://registry.npmjs.org/next 560ms (cache miss)
34 silly packumentCache corgi:https://registry.npmjs.org/next set size:undefined disposed:false
35 verbose cwd C:\Users\Admin\Desktop\Repo\SaaS
36 verbose os Windows_NT 10.0.26200
37 verbose node v24.12.0
38 verbose npm  v11.6.2
39 notice
39 notice New minor version of npm available! 11.6.2 -> 11.16.0
39 notice Changelog: https://github.com/npm/cli/releases/tag/v11.16.0
39 notice To update run: npm install -g npm@11.16.0
39 notice  { force: true, Symbol(proc-log.meta): true }
40 verbose exit 0
41 info ok
